<?xml version="1.0" encoding="UTF-8"?>
<!-- Generated by org.testng.reporters.JUnitReportReporter -->
<testsuite hostname="DESKTOP-58SAMFB" failures="0" tests="1" name="NewTest" time="0.018" errors="0" timestamp="2021-02-20T17:10:09 IST" skipped="0">
  <testcase classname="NewTest" name="f" time="0.018"/>
  <system-out/>
</testsuite> <!-- NewTest -->
